17:21:34.720 [main] INFO  testCases.TC_0001_AccountRegister - clicking on register link
17:21:34.730 [main] INFO  testCases.TC_0001_AccountRegister - Filling form
17:21:35.703 [main] INFO  testCases.TC_0001_AccountRegister - validating expected message
17:21:35.751 [main] INFO  testCases.TC_0001_AccountRegister - **** finished TC_0001_AccountRegister ****
17:21:37.601 [main] INFO  testCases.TC_0002_LoginWithValid - **** Starting Login With valid cradantials ****
17:21:37.602 [main] INFO  testCases.TC_0002_LoginWithValid - Clicking on my account
17:21:37.870 [main] INFO  testCases.TC_0002_LoginWithValid - Clicking on Login
17:21:38.100 [main] INFO  testCases.TC_0002_LoginWithValid - Entering valid cradantial
17:21:38.229 [main] INFO  testCases.TC_0002_LoginWithValid - Click login button
17:21:38.637 [main] INFO  testCases.TC_0002_LoginWithValid - Validating My Account page
17:27:51.599 [main] INFO  org.testng.internal.Utils - [TestNG] Running:
  C:\Users\shaik\eclipse-workspace\opencartv1\test-output\testng-failed.xml

17:27:54.020 [main] INFO  testCases.TC_0002_LoginWithValid - **** Starting Login With valid cradantials ****
17:27:54.036 [main] INFO  testCases.TC_0002_LoginWithValid - Clicking on my account
17:27:54.235 [main] INFO  testCases.TC_0002_LoginWithValid - Clicking on Login
17:27:54.473 [main] INFO  testCases.TC_0002_LoginWithValid - Entering valid cradantial
17:27:54.608 [main] INFO  testCases.TC_0002_LoginWithValid - Click login button
17:27:55.077 [main] INFO  testCases.TC_0002_LoginWithValid - Validating My Account page
17:28:24.429 [main] INFO  org.testng.internal.Utils - [TestNG] Running:
  C:\Users\shaik\eclipse-workspace\opencartv1\test-output\testng-failed.xml

17:28:26.391 [main] INFO  testCases.TC_0002_LoginWithValid - **** Starting Login With valid cradantials ****
17:28:26.407 [main] INFO  testCases.TC_0002_LoginWithValid - Clicking on my account
17:28:26.608 [main] INFO  testCases.TC_0002_LoginWithValid - Clicking on Login
17:28:26.823 [main] INFO  testCases.TC_0002_LoginWithValid - Entering valid cradantial
17:28:26.957 [main] INFO  testCases.TC_0002_LoginWithValid - Click login button
17:28:27.373 [main] INFO  testCases.TC_0002_LoginWithValid - Validating My Account page
17:28:27.418 [main] INFO  testCases.TC_0002_LoginWithValid - **** Finished Login With valid cradantial ****
17:31:20.606 [main] INFO  org.testng.internal.Utils - [TestNG] Running:
  C:\Users\shaik\eclipse-workspace\opencartv1\master.xml

17:31:23.635 [main] INFO  testCases.TC_0003_LoginWithDDT - **** Starting Login With valid cradantials ****
17:31:23.650 [main] INFO  testCases.TC_0003_LoginWithDDT - Clicking on my account
17:31:23.715 [main] INFO  testCases.TC_0003_LoginWithDDT - Clicking on Login
17:31:23.934 [main] INFO  testCases.TC_0003_LoginWithDDT - Entering valid cradantial
17:31:24.045 [main] INFO  testCases.TC_0003_LoginWithDDT - Click login button
17:31:24.557 [main] INFO  testCases.TC_0003_LoginWithDDT - Validating My Account page
17:31:24.901 [main] INFO  testCases.TC_0003_LoginWithDDT - **** Finished Login With valid cradantial ****
17:31:24.912 [main] INFO  testCases.TC_0003_LoginWithDDT - **** Starting Login With valid cradantials ****
17:31:24.912 [main] INFO  testCases.TC_0003_LoginWithDDT - Clicking on my account
17:31:24.954 [main] INFO  testCases.TC_0003_LoginWithDDT - Clicking on Login
17:31:25.141 [main] INFO  testCases.TC_0003_LoginWithDDT - Entering valid cradantial
17:31:25.238 [main] INFO  testCases.TC_0003_LoginWithDDT - Click login button
17:31:25.555 [main] INFO  testCases.TC_0003_LoginWithDDT - Validating My Account page
17:31:28.602 [main] INFO  testCases.TC_0003_LoginWithDDT - **** Finished Login With valid cradantial ****
17:31:28.605 [main] INFO  testCases.TC_0003_LoginWithDDT - **** Starting Login With valid cradantials ****
17:31:28.605 [main] INFO  testCases.TC_0003_LoginWithDDT - Clicking on my account
17:31:28.641 [main] INFO  testCases.TC_0003_LoginWithDDT - Clicking on Login
17:31:28.815 [main] INFO  testCases.TC_0003_LoginWithDDT - Entering valid cradantial
17:31:28.910 [main] INFO  testCases.TC_0003_LoginWithDDT - Click login button
17:31:29.315 [main] INFO  testCases.TC_0003_LoginWithDDT - Validating My Account page
17:31:32.381 [main] INFO  testCases.TC_0003_LoginWithDDT - **** Finished Login With valid cradantial ****
17:31:32.383 [main] INFO  testCases.TC_0003_LoginWithDDT - **** Starting Login With valid cradantials ****
17:31:32.384 [main] INFO  testCases.TC_0003_LoginWithDDT - Clicking on my account
17:31:32.428 [main] INFO  testCases.TC_0003_LoginWithDDT - Clicking on Login
17:31:32.612 [main] INFO  testCases.TC_0003_LoginWithDDT - Entering valid cradantial
17:31:32.712 [main] INFO  testCases.TC_0003_LoginWithDDT - Click login button
17:31:33.158 [main] INFO  testCases.TC_0003_LoginWithDDT - Validating My Account page
17:31:36.220 [main] INFO  testCases.TC_0003_LoginWithDDT - **** Finished Login With valid cradantial ****
