17:41:53.129 [main] INFO  testCases.TC_0003_LoginWithDDT - Clicking on my account
17:41:53.185 [main] INFO  testCases.TC_0003_LoginWithDDT - Clicking on Login
17:41:53.387 [main] INFO  testCases.TC_0003_LoginWithDDT - Entering valid cradantial
17:41:53.521 [main] INFO  testCases.TC_0003_LoginWithDDT - Click login button
17:41:53.945 [main] INFO  testCases.TC_0003_LoginWithDDT - Validating My Account page
17:41:56.976 [main] INFO  testCases.TC_0003_LoginWithDDT - **** Finished Login With valid cradantial ****
17:41:56.978 [main] INFO  testCases.TC_0003_LoginWithDDT - **** Starting Login With valid cradantials ****
17:41:56.980 [main] INFO  testCases.TC_0003_LoginWithDDT - Clicking on my account
17:41:57.023 [main] INFO  testCases.TC_0003_LoginWithDDT - Clicking on Login
17:41:57.243 [main] INFO  testCases.TC_0003_LoginWithDDT - Entering valid cradantial
17:41:57.378 [main] INFO  testCases.TC_0003_LoginWithDDT - Click login button
17:41:58.065 [main] INFO  testCases.TC_0003_LoginWithDDT - Validating My Account page
17:42:01.130 [main] INFO  testCases.TC_0003_LoginWithDDT - **** Finished Login With valid cradantial ****
17:42:01.133 [main] INFO  testCases.TC_0003_LoginWithDDT - **** Starting Login With valid cradantials ****
17:42:01.133 [main] INFO  testCases.TC_0003_LoginWithDDT - Clicking on my account
17:42:01.177 [main] INFO  testCases.TC_0003_LoginWithDDT - Clicking on Login
17:42:01.376 [main] INFO  testCases.TC_0003_LoginWithDDT - Entering valid cradantial
17:42:01.535 [main] INFO  testCases.TC_0003_LoginWithDDT - Click login button
17:42:01.957 [main] INFO  testCases.TC_0003_LoginWithDDT - Validating My Account page
17:42:04.981 [main] INFO  testCases.TC_0003_LoginWithDDT - **** Finished Login With valid cradantial ****
17:42:04.983 [main] INFO  testCases.TC_0003_LoginWithDDT - **** Starting Login With valid cradantials ****
17:42:04.983 [main] INFO  testCases.TC_0003_LoginWithDDT - Clicking on my account
17:42:05.029 [main] INFO  testCases.TC_0003_LoginWithDDT - Clicking on Login
17:42:05.259 [main] INFO  testCases.TC_0003_LoginWithDDT - Entering valid cradantial
17:42:05.418 [main] INFO  testCases.TC_0003_LoginWithDDT - Click login button
17:42:05.941 [main] INFO  testCases.TC_0003_LoginWithDDT - Validating My Account page
17:42:06.291 [main] INFO  testCases.TC_0003_LoginWithDDT - **** Finished Login With valid cradantial ****
17:42:37.867 [main] INFO  org.testng.internal.Utils - [TestNG] Running:
  C:\Users\shaik\eclipse-workspace\opencartv1\master.xml

17:42:40.641 [main] INFO  testCases.TC_0003_LoginWithDDT - **** Starting Login With valid cradantials ****
17:42:40.659 [main] INFO  testCases.TC_0003_LoginWithDDT - Clicking on my account
17:42:40.716 [main] INFO  testCases.TC_0003_LoginWithDDT - Clicking on Login
17:42:40.945 [main] INFO  testCases.TC_0003_LoginWithDDT - Entering valid cradantial
17:42:41.146 [main] INFO  testCases.TC_0003_LoginWithDDT - Click login button
17:42:41.676 [main] INFO  testCases.TC_0003_LoginWithDDT - Validating My Account page
17:42:42.052 [main] INFO  testCases.TC_0003_LoginWithDDT - **** Finished Login With valid cradantial ****
17:42:42.057 [main] INFO  testCases.TC_0003_LoginWithDDT - **** Starting Login With valid cradantials ****
17:42:42.057 [main] INFO  testCases.TC_0003_LoginWithDDT - Clicking on my account
17:42:42.110 [main] INFO  testCases.TC_0003_LoginWithDDT - Clicking on Login
17:42:42.309 [main] INFO  testCases.TC_0003_LoginWithDDT - Entering valid cradantial
17:42:42.448 [main] INFO  testCases.TC_0003_LoginWithDDT - Click login button
17:42:42.882 [main] INFO  testCases.TC_0003_LoginWithDDT - Validating My Account page
17:42:45.896 [main] INFO  testCases.TC_0003_LoginWithDDT - **** Finished Login With valid cradantial ****
17:42:45.899 [main] INFO  testCases.TC_0003_LoginWithDDT - **** Starting Login With valid cradantials ****
17:42:45.899 [main] INFO  testCases.TC_0003_LoginWithDDT - Clicking on my account
17:42:45.940 [main] INFO  testCases.TC_0003_LoginWithDDT - Clicking on Login
17:42:46.141 [main] INFO  testCases.TC_0003_LoginWithDDT - Entering valid cradantial
17:42:46.270 [main] INFO  testCases.TC_0003_LoginWithDDT - Click login button
17:42:46.708 [main] INFO  testCases.TC_0003_LoginWithDDT - Validating My Account page
17:42:49.771 [main] INFO  testCases.TC_0003_LoginWithDDT - **** Finished Login With valid cradantial ****
17:42:49.773 [main] INFO  testCases.TC_0003_LoginWithDDT - **** Starting Login With valid cradantials ****
17:42:49.773 [main] INFO  testCases.TC_0003_LoginWithDDT - Clicking on my account
17:42:49.820 [main] INFO  testCases.TC_0003_LoginWithDDT - Clicking on Login
17:42:50.016 [main] INFO  testCases.TC_0003_LoginWithDDT - Entering valid cradantial
17:42:50.189 [main] INFO  testCases.TC_0003_LoginWithDDT - Click login button
17:42:50.629 [main] INFO  testCases.TC_0003_LoginWithDDT - Validating My Account page
17:42:53.646 [main] INFO  testCases.TC_0003_LoginWithDDT - **** Finished Login With valid cradantial ****
