16:27:36.754 [main] INFO  testCases.TC_0001_AccountRegister - clicking on account link
16:27:37.064 [main] INFO  testCases.TC_0001_AccountRegister - clicking on register link
16:27:37.066 [main] INFO  testCases.TC_0001_AccountRegister - Filling form
16:27:38.122 [main] INFO  testCases.TC_0001_AccountRegister - validating expected message
16:27:38.174 [main] INFO  testCases.TC_0001_AccountRegister - **** finished TC_0001_AccountRegister ****
16:27:38.364 [main] INFO  testCases.TC_0001_AccountRegister - **** starting TC_0001_AccountRegister ****
16:27:38.364 [main] INFO  testCases.TC_0001_AccountRegister - Test Failed
16:27:59.258 [main] INFO  testCases.TC_0001_AccountRegister - **** starting TC_0001_AccountRegister ****
16:27:59.521 [main] INFO  testCases.TC_0001_AccountRegister - clicking on account link
16:27:59.824 [main] INFO  testCases.TC_0001_AccountRegister - clicking on register link
16:27:59.824 [main] INFO  testCases.TC_0001_AccountRegister - Filling form
16:28:00.983 [main] INFO  testCases.TC_0001_AccountRegister - validating expected message
16:28:00.995 [main] INFO  testCases.TC_0001_AccountRegister - **** finished TC_0001_AccountRegister ****
16:28:41.167 [main] INFO  org.testng.internal.Utils - [TestNG] Running:
  C:\Users\shaik\eclipse-workspace\opencartv1\crossbrowsertesting.xml

16:28:43.120 [main] INFO  testCases.TC_0001_AccountRegister - **** starting TC_0001_AccountRegister ****
16:28:43.411 [main] INFO  testCases.TC_0001_AccountRegister - clicking on account link
16:28:43.712 [main] INFO  testCases.TC_0001_AccountRegister - clicking on register link
16:28:43.714 [main] INFO  testCases.TC_0001_AccountRegister - Filling form
16:28:44.905 [main] INFO  testCases.TC_0001_AccountRegister - validating expected message
16:28:44.934 [main] INFO  testCases.TC_0001_AccountRegister - **** finished TC_0001_AccountRegister ****
16:28:48.308 [main] INFO  testCases.TC_0001_AccountRegister - **** starting TC_0001_AccountRegister ****
16:28:48.392 [main] INFO  testCases.TC_0001_AccountRegister - clicking on account link
16:28:48.759 [main] INFO  testCases.TC_0001_AccountRegister - clicking on register link
16:28:48.759 [main] INFO  testCases.TC_0001_AccountRegister - Filling form
16:28:50.163 [main] INFO  testCases.TC_0001_AccountRegister - validating expected message
16:28:50.186 [main] INFO  testCases.TC_0001_AccountRegister - **** finished TC_0001_AccountRegister ****
16:28:54.740 [main] INFO  testCases.TC_0001_AccountRegister - **** starting TC_0001_AccountRegister ****
16:28:54.978 [main] INFO  testCases.TC_0001_AccountRegister - clicking on account link
16:28:55.269 [main] INFO  testCases.TC_0001_AccountRegister - clicking on register link
16:28:55.269 [main] INFO  testCases.TC_0001_AccountRegister - Filling form
16:28:56.463 [main] INFO  testCases.TC_0001_AccountRegister - validating expected message
16:28:56.479 [main] INFO  testCases.TC_0001_AccountRegister - **** finished TC_0001_AccountRegister ****
16:29:10.967 [main] INFO  org.testng.internal.Utils - [TestNG] Running:
  C:\Users\shaik\eclipse-workspace\opencartv1\crossbrowsertesting.xml

16:29:13.138 [TestNG-tests-1] INFO  testCases.TC_0001_AccountRegister - **** starting TC_0001_AccountRegister ****
16:29:13.258 [TestNG-tests-2] INFO  testCases.TC_0001_AccountRegister - **** starting TC_0001_AccountRegister ****
16:29:13.359 [TestNG-tests-2] INFO  testCases.TC_0001_AccountRegister - clicking on account link
16:29:13.590 [TestNG-tests-1] INFO  testCases.TC_0001_AccountRegister - clicking on account link
16:29:13.885 [TestNG-tests-2] INFO  testCases.TC_0001_AccountRegister - clicking on register link
16:29:13.888 [TestNG-tests-2] INFO  testCases.TC_0001_AccountRegister - Filling form
16:29:14.122 [TestNG-tests-1] INFO  testCases.TC_0001_AccountRegister - clicking on register link
16:29:14.123 [TestNG-tests-1] INFO  testCases.TC_0001_AccountRegister - Filling form
16:29:15.673 [TestNG-tests-2] INFO  testCases.TC_0001_AccountRegister - validating expected message
16:29:15.705 [TestNG-tests-2] INFO  testCases.TC_0001_AccountRegister - **** finished TC_0001_AccountRegister ****
16:29:15.718 [TestNG-tests-1] INFO  testCases.TC_0001_AccountRegister - validating expected message
16:29:15.806 [TestNG-tests-1] INFO  testCases.TC_0001_AccountRegister - **** finished TC_0001_AccountRegister ****
16:29:16.455 [TestNG-tests-3] INFO  testCases.TC_0001_AccountRegister - **** starting TC_0001_AccountRegister ****
16:29:16.691 [TestNG-tests-3] INFO  testCases.TC_0001_AccountRegister - clicking on account link
16:29:16.988 [TestNG-tests-3] INFO  testCases.TC_0001_AccountRegister - clicking on register link
16:29:16.988 [TestNG-tests-3] INFO  testCases.TC_0001_AccountRegister - Filling form
16:29:18.219 [TestNG-tests-3] INFO  testCases.TC_0001_AccountRegister - validating expected message
16:29:18.232 [TestNG-tests-3] INFO  testCases.TC_0001_AccountRegister - **** finished TC_0001_AccountRegister ****
16:39:36.388 [main] INFO  org.testng.internal.Utils - [TestNG] Running:
  C:\Users\shaik\eclipse-workspace\opencartv1\master.xml

